[LOG] System::create                           : Header version = 2.00.07. Current version = 2.00.07.
[LOG] Manager::init                            : maxchannels = 256 studioflags = 00000006 flags 00000000 extradriverdata 0000000000000000.
[LOG] SystemI::init                            : Initialize version=20007 (107206), maxchannels=256, flags=0x00020000
[LOG] SystemI::setOutputInternal               : Setting output to 'FMOD WASAPI Output'
[LOG] OutputWASAPI::init                       : Mix Format (WAVEFORMATEX): wFormatTag=0xFFFE, nChannels=2, nSamplesPerSec=96000, nAvgBytesPerSec=768000, nBlockAlign=8, wBitsPerSample=32, cbSize=22.
[LOG] OutputWASAPI::init                       : Mix Format (WAVEFORMATEXTENSIBLE): wValidBitsPerSample=32, dwChannelMask=0x00000003, SubFormat=00000003-0000-0010-8000-00AA00389B71.
[LOG] OutputWASAPI::init                       : Output buffer size: 8192 samples, latency: 0.00ms, period: 10.00ms, DSP buffer: 1024 * 4
[WRN] SystemI::init                            : Output requires a sample rate of 96000Hz, resampling will occur.
[LOG] Thread::initThread                       : Init FMOD stream thread. Priority: 2, Stack Size: 98304, Semaphore: No, Sleep Time: 10, Looping: Yes.
[LOG] Thread::initThread                       : Init FMOD mixer thread. Priority: 3, Stack Size: 81920, Semaphore: No, Sleep Time: 0, Looping: Yes.
[LOG] AsyncManager::init                       : manager 0000020EA8058CE8 isAsync 0 updatePeriod 0.02
[LOG] AsyncManager::init                       : done
[LOG] PlaybackSystem::init                     : 
[LOG] Thread::initThread                       : Init FMOD Studio sample load thread. Priority: 0, Stack Size: 98304, Semaphore: No, Sleep Time: 1, Looping: No.
[LOG] PlaybackSystem::init                     : done
[LOG] Thread::initThread                       : Init FMOD Studio bank load thread. Priority: 0, Stack Size: 98304, Semaphore: No, Sleep Time: 1, Looping: No.
[LOG] Manager::init                            : done.
[LOG] Manager::readBank                        : fileversion = 125, compatVersion = 119 (oldest = 44, newest = 125)
[LOG] PlaybackSystem::acquireMasterBus         : Setting master channel group format to 3
[LOG] SystemI::createSoundInternal             : Create name='', mode=0x02000202
[LOG] SystemI::createSoundInternal             : exinfo->cbsize             = 224
[LOG] SystemI::createSoundInternal             : exinfo->length             = 2545472
[LOG] SystemI::createSoundInternal             : exinfo->fileoffset         = 28704
[LOG] SystemI::createSoundInternal             : exinfo->numsubsounds       = 1
[LOG] SystemI::createSoundInternal             : exinfo->inclusionlist      = 0000006F9E55EEFC
[LOG] SystemI::createSoundInternal             : exinfo->inclusionlistnum   = 1
[LOG] SystemI::createSoundInternal             : exinfo->suggestedsoundtype = 5
[LOG] SystemI::createSoundInternal             : exinfo->useropen           = 00007FFCE91A8630
[LOG] SystemI::createSoundInternal             : exinfo->userclose          = 00007FFCE91A8600
[LOG] SystemI::createSoundInternal             : exinfo->userread           = 00007FFCE91A8700
[LOG] SystemI::createSoundInternal             : exinfo->userseek           = 00007FFCE91A87C0
[LOG] SystemI::createSoundInternal             : exinfo->fileuserdata       = 0000020EA7AA30E8
[LOG] SystemI::createSoundInternal             : exinfo->initialseekpostype = 1
[LOG] SystemI::DSPCodecPoolRegister            : register codec pool for pool type 5
[LOG] SystemI::createSoundInternal             : Sample 0/1: name='SFX_Dash_Fast-001', format=2, channels=2, frequency=48000, lengthbytes=27872, lengthpcm=107917, pcmblocksize=0, loopstart=0, loopend=0, mode=0x00000000, channelmask=0x00000000, channelorder=0, peakvolume=0.574568.
[LOG] SystemI::createSoundInternal             : Create name='', mode=0x02000202
[LOG] SystemI::createSoundInternal             : exinfo->cbsize             = 224
[LOG] SystemI::createSoundInternal             : exinfo->length             = 2545472
[LOG] SystemI::createSoundInternal             : exinfo->fileoffset         = 28704
[LOG] SystemI::createSoundInternal             : exinfo->numsubsounds       = 1
[LOG] SystemI::createSoundInternal             : exinfo->inclusionlist      = 0000006F9E55EEFC
[LOG] SystemI::createSoundInternal             : exinfo->inclusionlistnum   = 1
[LOG] SystemI::createSoundInternal             : exinfo->suggestedsoundtype = 5
[LOG] SystemI::createSoundInternal             : exinfo->useropen           = 00007FFCE91A8630
[LOG] SystemI::createSoundInternal             : exinfo->userclose          = 00007FFCE91A8600
[LOG] SystemI::createSoundInternal             : exinfo->userread           = 00007FFCE91A8700
[LOG] SystemI::createSoundInternal             : exinfo->userseek           = 00007FFCE91A87C0
[LOG] SystemI::createSoundInternal             : exinfo->fileuserdata       = 0000020EA7AA30E8
[LOG] SystemI::createSoundInternal             : exinfo->initialseekpostype = 1
[LOG] SystemI::DSPCodecPoolRegister            : register codec pool for pool type 5
[LOG] SystemI::createSoundInternal             : Sample 0/1: name='SFX_Dash_Fast-003', format=2, channels=2, frequency=48000, lengthbytes=27456, lengthpcm=110435, pcmblocksize=0, loopstart=0, loopend=0, mode=0x00000000, channelmask=0x00000000, channelorder=0, peakvolume=0.579680.
[LOG] SystemI::createSoundInternal             : Create name='', mode=0x02000202
[LOG] SystemI::createSoundInternal             : exinfo->cbsize             = 224
[LOG] SystemI::createSoundInternal             : exinfo->length             = 2545472
[LOG] SystemI::createSoundInternal             : exinfo->fileoffset         = 28704
[LOG] SystemI::createSoundInternal             : exinfo->numsubsounds       = 1
[LOG] SystemI::createSoundInternal             : exinfo->inclusionlist      = 0000006F9E55EEFC
[LOG] SystemI::createSoundInternal             : exinfo->inclusionlistnum   = 1
[LOG] SystemI::createSoundInternal             : exinfo->suggestedsoundtype = 5
[LOG] SystemI::createSoundInternal             : exinfo->useropen           = 00007FFCE91A8630
[LOG] SystemI::createSoundInternal             : exinfo->userclose          = 00007FFCE91A8600
[LOG] SystemI::createSoundInternal             : exinfo->userread           = 00007FFCE91A8700
[LOG] SystemI::createSoundInternal             : exinfo->userseek           = 00007FFCE91A87C0
[LOG] SystemI::createSoundInternal             : exinfo->fileuserdata       = 0000020EA7AA30E8
[LOG] SystemI::createSoundInternal             : exinfo->initialseekpostype = 1
[LOG] SystemI::DSPCodecPoolRegister            : register codec pool for pool type 5
[LOG] SystemI::createSoundInternal             : Sample 0/1: name='SFX_Dash_Fast-004', format=2, channels=2, frequency=48000, lengthbytes=29472, lengthpcm=117864, pcmblocksize=0, loopstart=0, loopend=0, mode=0x00000000, channelmask=0x00000000, channelorder=0, peakvolume=0.423296.
[LOG] SystemI::createSoundInternal             : Create name='', mode=0x02000202
[LOG] SystemI::createSoundInternal             : exinfo->cbsize             = 224
[LOG] SystemI::createSoundInternal             : exinfo->length             = 2545472
[LOG] SystemI::createSoundInternal             : exinfo->fileoffset         = 28704
[LOG] SystemI::createSoundInternal             : exinfo->numsubsounds       = 1
[LOG] SystemI::createSoundInternal             : exinfo->inclusionlist      = 0000006F9E55EEFC
[LOG] SystemI::createSoundInternal             : exinfo->inclusionlistnum   = 1
[LOG] SystemI::createSoundInternal             : exinfo->suggestedsoundtype = 5
[LOG] SystemI::createSoundInternal             : exinfo->useropen           = 00007FFCE91A8630
[LOG] SystemI::createSoundInternal             : exinfo->userclose          = 00007FFCE91A8600
[LOG] SystemI::createSoundInternal             : exinfo->userread           = 00007FFCE91A8700
[LOG] SystemI::createSoundInternal             : exinfo->userseek           = 00007FFCE91A87C0
[LOG] SystemI::createSoundInternal             : exinfo->fileuserdata       = 0000020EA7AA30E8
[LOG] SystemI::createSoundInternal             : exinfo->initialseekpostype = 1
[LOG] SystemI::DSPCodecPoolRegister            : register codec pool for pool type 5
[LOG] SystemI::createSoundInternal             : Sample 0/1: name='SFX_Dash_Fast-002', format=2, channels=2, frequency=48000, lengthbytes=32320, lengthpcm=126977, pcmblocksize=0, loopstart=0, loopend=0, mode=0x00000000, channelmask=0x00000000, channelorder=0, peakvolume=0.411143.
[LOG] SystemI::createSoundInternal             : Create name='', mode=0x02000202
[LOG] SystemI::createSoundInternal             : exinfo->cbsize             = 224
[LOG] SystemI::createSoundInternal             : exinfo->length             = 2545472
[LOG] SystemI::createSoundInternal             : exinfo->fileoffset         = 28704
[LOG] SystemI::createSoundInternal             : exinfo->numsubsounds       = 1
[LOG] SystemI::createSoundInternal             : exinfo->inclusionlist      = 0000006F9E55EEFC
[LOG] SystemI::createSoundInternal             : exinfo->inclusionlistnum   = 1
[LOG] SystemI::createSoundInternal             : exinfo->suggestedsoundtype = 5
[LOG] SystemI::createSoundInternal             : exinfo->useropen           = 00007FFCE91A8630
[LOG] SystemI::createSoundInternal             : exinfo->userclose          = 00007FFCE91A8600
[LOG] SystemI::createSoundInternal             : exinfo->userread           = 00007FFCE91A8700
[LOG] SystemI::createSoundInternal             : exinfo->userseek           = 00007FFCE91A87C0
[LOG] SystemI::createSoundInternal             : exinfo->fileuserdata       = 0000020EA7AA30E8
[LOG] SystemI::createSoundInternal             : exinfo->initialseekpostype = 1
[LOG] SystemI::DSPCodecPoolRegister            : register codec pool for pool type 5
[LOG] SystemI::createSoundInternal             : Sample 0/1: name='SFX_Dash_Fast-005', format=2, channels=2, frequency=48000, lengthbytes=27456, lengthpcm=111722, pcmblocksize=0, loopstart=0, loopend=0, mode=0x00000000, channelmask=0x00000000, channelorder=0, peakvolume=0.533366.
[LOG] SoundI::release                          :  (0000020EAB8C8A28)
[LOG] SoundI::release                          :     SFX_Dash_Fast-001 (0000020EA4F9A9F8)
[LOG] SoundI::release                          :  (0000020EAB8C7048)
[LOG] SoundI::release                          :     SFX_Dash_Fast-002 (0000020EA4F98E58)
[LOG] SoundI::release                          :  (0000020EAB8C6ED8)
[LOG] SoundI::release                          :     SFX_Dash_Fast-003 (0000020EA4F99E98)
[LOG] SoundI::release                          :  (0000020EAB8C6078)
[LOG] SoundI::release                          :     SFX_Dash_Fast-004 (0000020EA4F9A858)
[LOG] SoundI::release                          :  (0000020EAB8C71B8)
[LOG] SoundI::release                          :     SFX_Dash_Fast-005 (0000020EACA09D58)
[LOG] Manager::readBank                        : fileversion = 125, compatVersion = 119 (oldest = 44, newest = 125)
[LOG] PlaybackSystem::acquireMasterBus         : Setting master channel group format to 3
[LOG] SystemI::createSoundInternal             : Create name='', mode=0x02000202
[LOG] SystemI::createSoundInternal             : exinfo->cbsize             = 224
[LOG] SystemI::createSoundInternal             : exinfo->length             = 2545472
[LOG] SystemI::createSoundInternal             : exinfo->fileoffset         = 28704
[LOG] SystemI::createSoundInternal             : exinfo->numsubsounds       = 1
[LOG] SystemI::createSoundInternal             : exinfo->inclusionlist      = 0000006F9E55EEFC
[LOG] SystemI::createSoundInternal             : exinfo->inclusionlistnum   = 1
[LOG] SystemI::createSoundInternal             : exinfo->suggestedsoundtype = 5
[LOG] SystemI::createSoundInternal             : exinfo->useropen           = 00007FFCE91A8630
[LOG] SystemI::createSoundInternal             : exinfo->userclose          = 00007FFCE91A8600
[LOG] SystemI::createSoundInternal             : exinfo->userread           = 00007FFCE91A8700
[LOG] SystemI::createSoundInternal             : exinfo->userseek           = 00007FFCE91A87C0
[LOG] SystemI::createSoundInternal             : exinfo->fileuserdata       = 0000020EA7AA3928
[LOG] SystemI::createSoundInternal             : exinfo->initialseekpostype = 1
[LOG] SystemI::DSPCodecPoolRegister            : register codec pool for pool type 5
[LOG] SystemI::createSoundInternal             : Sample 0/1: name='SFX_Dash_Slow-007', format=2, channels=2, frequency=48000, lengthbytes=20704, lengthpcm=85814, pcmblocksize=0, loopstart=0, loopend=0, mode=0x00000000, channelmask=0x00000000, channelorder=0, peakvolume=0.613201.
[LOG] SystemI::createSoundInternal             : Create name='', mode=0x02000202
[LOG] SystemI::createSoundInternal             : exinfo->cbsize             = 224
[LOG] SystemI::createSoundInternal             : exinfo->length             = 2545472
[LOG] SystemI::createSoundInternal             : exinfo->fileoffset         = 28704
[LOG] SystemI::createSoundInternal             : exinfo->numsubsounds       = 1
[LOG] SystemI::createSoundInternal             : exinfo->inclusionlist      = 0000006F9E55EEFC
[LOG] SystemI::createSoundInternal             : exinfo->inclusionlistnum   = 1
[LOG] SystemI::createSoundInternal             : exinfo->suggestedsoundtype = 5
[LOG] SystemI::createSoundInternal             : exinfo->useropen           = 00007FFCE91A8630
[LOG] SystemI::createSoundInternal             : exinfo->userclose          = 00007FFCE91A8600
[LOG] SystemI::createSoundInternal             : exinfo->userread           = 00007FFCE91A8700
[LOG] SystemI::createSoundInternal             : exinfo->userseek           = 00007FFCE91A87C0
[LOG] SystemI::createSoundInternal             : exinfo->fileuserdata       = 0000020EA7AA3928
[LOG] SystemI::createSoundInternal             : exinfo->initialseekpostype = 1
[LOG] SystemI::DSPCodecPoolRegister            : register codec pool for pool type 5
[LOG] SystemI::createSoundInternal             : Sample 0/1: name='SFX_Dash_Slow-006', format=2, channels=2, frequency=48000, lengthbytes=15136, lengthpcm=60967, pcmblocksize=0, loopstart=0, loopend=0, mode=0x00000000, channelmask=0x00000000, channelorder=0, peakvolume=0.376546.
[LOG] SystemI::createSoundInternal             : Create name='', mode=0x02000202
[LOG] SystemI::createSoundInternal             : exinfo->cbsize             = 224
[LOG] SystemI::createSoundInternal             : exinfo->length             = 2545472
[LOG] SystemI::createSoundInternal             : exinfo->fileoffset         = 28704
[LOG] SystemI::createSoundInternal             : exinfo->numsubsounds       = 1
[LOG] SystemI::createSoundInternal             : exinfo->inclusionlist      = 0000006F9E55EEFC
[LOG] SystemI::createSoundInternal             : exinfo->inclusionlistnum   = 1
[LOG] SystemI::createSoundInternal             : exinfo->suggestedsoundtype = 5
[LOG] SystemI::createSoundInternal             : exinfo->useropen           = 00007FFCE91A8630
[LOG] SystemI::createSoundInternal             : exinfo->userclose          = 00007FFCE91A8600
[LOG] SystemI::createSoundInternal             : exinfo->userread           = 00007FFCE91A8700
[LOG] SystemI::createSoundInternal             : exinfo->userseek           = 00007FFCE91A87C0
[LOG] SystemI::createSoundInternal             : exinfo->fileuserdata       = 0000020EA7AA3928
[LOG] SystemI::createSoundInternal             : exinfo->initialseekpostype = 1
[LOG] SystemI::DSPCodecPoolRegister            : register codec pool for pool type 5
[LOG] SystemI::createSoundInternal             : Sample 0/1: name='SFX_Dash_Slow-004', format=2, channels=2, frequency=48000, lengthbytes=19360, lengthpcm=79506, pcmblocksize=0, loopstart=0, loopend=0, mode=0x00000000, channelmask=0x00000000, channelorder=0, peakvolume=0.626767.
[LOG] SystemI::createSoundInternal             : Create name='', mode=0x02000202
[LOG] SystemI::createSoundInternal             : exinfo->cbsize             = 224
[LOG] SystemI::createSoundInternal             : exinfo->length             = 2545472
[LOG] SystemI::createSoundInternal             : exinfo->fileoffset         = 28704
[LOG] SystemI::createSoundInternal             : exinfo->numsubsounds       = 1
[LOG] SystemI::createSoundInternal             : exinfo->inclusionlist      = 0000006F9E55EEFC
[LOG] SystemI::createSoundInternal             : exinfo->inclusionlistnum   = 1
[LOG] SystemI::createSoundInternal             : exinfo->suggestedsoundtype = 5
[LOG] SystemI::createSoundInternal             : exinfo->useropen           = 00007FFCE91A8630
[LOG] SystemI::createSoundInternal             : exinfo->userclose          = 00007FFCE91A8600
[LOG] SystemI::createSoundInternal             : exinfo->userread           = 00007FFCE91A8700
[LOG] SystemI::createSoundInternal             : exinfo->userseek           = 00007FFCE91A87C0
[LOG] SystemI::createSoundInternal             : exinfo->fileuserdata       = 0000020EA7AA3928
[LOG] SystemI::createSoundInternal             : exinfo->initialseekpostype = 1
[LOG] SystemI::DSPCodecPoolRegister            : register codec pool for pool type 5
[LOG] SystemI::createSoundInternal             : Sample 0/1: name='SFX_Dash_Slow-003', format=2, channels=2, frequency=48000, lengthbytes=15008, lengthpcm=60952, pcmblocksize=0, loopstart=0, loopend=0, mode=0x00000000, channelmask=0x00000000, channelorder=0, peakvolume=0.505341.
[LOG] SystemI::createSoundInternal             : Create name='', mode=0x02000202
[LOG] SystemI::createSoundInternal             : exinfo->cbsize             = 224
[LOG] SystemI::createSoundInternal             : exinfo->length             = 2545472
[LOG] SystemI::createSoundInternal             : exinfo->fileoffset         = 28704
[LOG] SystemI::createSoundInternal             : exinfo->numsubsounds       = 1
[LOG] SystemI::createSoundInternal             : exinfo->inclusionlist      = 0000006F9E55EEFC
[LOG] SystemI::createSoundInternal             : exinfo->inclusionlistnum   = 1
[LOG] SystemI::createSoundInternal             : exinfo->suggestedsoundtype = 5
[LOG] SystemI::createSoundInternal             : exinfo->useropen           = 00007FFCE91A8630
[LOG] SystemI::createSoundInternal             : exinfo->userclose          = 00007FFCE91A8600
[LOG] SystemI::createSoundInternal             : exinfo->userread           = 00007FFCE91A8700
[LOG] SystemI::createSoundInternal             : exinfo->userseek           = 00007FFCE91A87C0
[LOG] SystemI::createSoundInternal             : exinfo->fileuserdata       = 0000020EA7AA3928
[LOG] SystemI::createSoundInternal             : exinfo->initialseekpostype = 1
[LOG] SystemI::DSPCodecPoolRegister            : register codec pool for pool type 5
[LOG] SystemI::createSoundInternal             : Sample 0/1: name='SFX_Dash_Slow-002', format=2, channels=2, frequency=48000, lengthbytes=15264, lengthpcm=62752, pcmblocksize=0, loopstart=0, loopend=0, mode=0x00000000, channelmask=0x00000000, channelorder=0, peakvolume=0.670719.
[LOG] SystemI::createSoundInternal             : Create name='', mode=0x02000202
[LOG] SystemI::createSoundInternal             : exinfo->cbsize             = 224
[LOG] SystemI::createSoundInternal             : exinfo->length             = 2545472
[LOG] SystemI::createSoundInternal             : exinfo->fileoffset         = 28704
[LOG] SystemI::createSoundInternal             : exinfo->numsubsounds       = 1
[LOG] SystemI::createSoundInternal             : exinfo->inclusionlist      = 0000006F9E55EEFC
[LOG] SystemI::createSoundInternal             : exinfo->inclusionlistnum   = 1
[LOG] SystemI::createSoundInternal             : exinfo->suggestedsoundtype = 5
[LOG] SystemI::createSoundInternal             : exinfo->useropen           = 00007FFCE91A8630
[LOG] SystemI::createSoundInternal             : exinfo->userclose          = 00007FFCE91A8600
[LOG] SystemI::createSoundInternal             : exinfo->userread           = 00007FFCE91A8700
[LOG] SystemI::createSoundInternal             : exinfo->userseek           = 00007FFCE91A87C0
[LOG] SystemI::createSoundInternal             : exinfo->fileuserdata       = 0000020EA7AA3928
[LOG] SystemI::createSoundInternal             : exinfo->initialseekpostype = 1
[LOG] SystemI::DSPCodecPoolRegister            : register codec pool for pool type 5
[LOG] SystemI::createSoundInternal             : Sample 0/1: name='SFX_Dash_Slow-005', format=2, channels=2, frequency=48000, lengthbytes=15936, lengthpcm=68096, pcmblocksize=0, loopstart=0, loopend=0, mode=0x00000000, channelmask=0x00000000, channelorder=0, peakvolume=0.512555.
[LOG] SystemI::createSoundInternal             : Create name='', mode=0x02000202
[LOG] SystemI::createSoundInternal             : exinfo->cbsize             = 224
[LOG] SystemI::createSoundInternal             : exinfo->length             = 2545472
[LOG] SystemI::createSoundInternal             : exinfo->fileoffset         = 28704
[LOG] SystemI::createSoundInternal             : exinfo->numsubsounds       = 1
[LOG] SystemI::createSoundInternal             : exinfo->inclusionlist      = 0000006F9E55EEFC
[LOG] SystemI::createSoundInternal             : exinfo->inclusionlistnum   = 1
[LOG] SystemI::createSoundInternal             : exinfo->suggestedsoundtype = 5
[LOG] SystemI::createSoundInternal             : exinfo->useropen           = 00007FFCE91A8630
[LOG] SystemI::createSoundInternal             : exinfo->userclose          = 00007FFCE91A8600
[LOG] SystemI::createSoundInternal             : exinfo->userread           = 00007FFCE91A8700
[LOG] SystemI::createSoundInternal             : exinfo->userseek           = 00007FFCE91A87C0
[LOG] SystemI::createSoundInternal             : exinfo->fileuserdata       = 0000020EA7AA3928
[LOG] SystemI::createSoundInternal             : exinfo->initialseekpostype = 1
[LOG] SystemI::DSPCodecPoolRegister            : register codec pool for pool type 5
[LOG] SystemI::createSoundInternal             : Sample 0/1: name='SFX_Dash_Slow-001', format=2, channels=2, frequency=48000, lengthbytes=12768, lengthpcm=53855, pcmblocksize=0, loopstart=0, loopend=0, mode=0x00000000, channelmask=0x00000000, channelorder=0, peakvolume=0.406720.
[LOG] SoundI::release                          :  (0000020F0B9AE1E8)
[LOG] SoundI::release                          :     SFX_Dash_Slow-001 (0000020EACA09D58)
[LOG] SoundI::release                          :  (0000020EAB8C71B8)
[LOG] SoundI::release                          :     SFX_Dash_Slow-002 (0000020EA4F98E58)
[LOG] SoundI::release                          :  (0000020EAB8C7048)
[LOG] SoundI::release                          :     SFX_Dash_Slow-003 (0000020EA4F9A9F8)
[LOG] SoundI::release                          :  (0000020EAB8C6ED8)
[LOG] SoundI::release                          :     SFX_Dash_Slow-004 (0000020EA4F9A858)
[LOG] SoundI::release                          :  (0000020EAB8C7328)
[LOG] SoundI::release                          :     SFX_Dash_Slow-005 (0000020EA4F99E98)
[LOG] SoundI::release                          :  (0000020EAB8C8A28)
[LOG] SoundI::release                          :     SFX_Dash_Slow-006 (0000020EAC152E48)
[LOG] SoundI::release                          :  (0000020EAB8C6078)
[LOG] SoundI::release                          :     SFX_Dash_Slow-007 (0000020EAC151E08)
[LOG] Manager::readBank                        : fileversion = 125, compatVersion = 119 (oldest = 44, newest = 125)
[LOG] PlaybackSystem::acquireMasterBus         : Setting master channel group format to 3
[LOG] SystemI::createSoundInternal             : Create name='', mode=0x02000202
[LOG] SystemI::createSoundInternal             : exinfo->cbsize             = 224
[LOG] SystemI::createSoundInternal             : exinfo->length             = 2545472
[LOG] SystemI::createSoundInternal             : exinfo->fileoffset         = 28704
[LOG] SystemI::createSoundInternal             : exinfo->numsubsounds       = 1
[LOG] SystemI::createSoundInternal             : exinfo->inclusionlist      = 0000006F9E55EEFC
[LOG] SystemI::createSoundInternal             : exinfo->inclusionlistnum   = 1
[LOG] SystemI::createSoundInternal             : exinfo->suggestedsoundtype = 5
[LOG] SystemI::createSoundInternal             : exinfo->useropen           = 00007FFCE91A8630
[LOG] SystemI::createSoundInternal             : exinfo->userclose          = 00007FFCE91A8600
[LOG] SystemI::createSoundInternal             : exinfo->userread           = 00007FFCE91A8700
[LOG] SystemI::createSoundInternal             : exinfo->userseek           = 00007FFCE91A87C0
[LOG] SystemI::createSoundInternal             : exinfo->fileuserdata       = 0000020EA7AA3928
[LOG] SystemI::createSoundInternal             : exinfo->initialseekpostype = 1
[LOG] SystemI::DSPCodecPoolRegister            : register codec pool for pool type 5
[LOG] SystemI::createSoundInternal             : Sample 0/1: name='SFX_Dash_Slow-007', format=2, channels=2, frequency=48000, lengthbytes=20704, lengthpcm=85814, pcmblocksize=0, loopstart=0, loopend=0, mode=0x00000000, channelmask=0x00000000, channelorder=0, peakvolume=0.613201.
[LOG] SystemI::createSoundInternal             : Create name='', mode=0x02000202
[LOG] SystemI::createSoundInternal             : exinfo->cbsize             = 224
[LOG] SystemI::createSoundInternal             : exinfo->length             = 2545472
[LOG] SystemI::createSoundInternal             : exinfo->fileoffset         = 28704
[LOG] SystemI::createSoundInternal             : exinfo->numsubsounds       = 1
[LOG] SystemI::createSoundInternal             : exinfo->inclusionlist      = 0000006F9E55EEFC
[LOG] SystemI::createSoundInternal             : exinfo->inclusionlistnum   = 1
[LOG] SystemI::createSoundInternal             : exinfo->suggestedsoundtype = 5
[LOG] SystemI::createSoundInternal             : exinfo->useropen           = 00007FFCE91A8630
[LOG] SystemI::createSoundInternal             : exinfo->userclose          = 00007FFCE91A8600
[LOG] SystemI::createSoundInternal             : exinfo->userread           = 00007FFCE91A8700
[LOG] SystemI::createSoundInternal             : exinfo->userseek           = 00007FFCE91A87C0
[LOG] SystemI::createSoundInternal             : exinfo->fileuserdata       = 0000020EA7AA3928
[LOG] SystemI::createSoundInternal             : exinfo->initialseekpostype = 1
[LOG] SystemI::DSPCodecPoolRegister            : register codec pool for pool type 5
[LOG] SystemI::createSoundInternal             : Sample 0/1: name='SFX_Dash_Slow-006', format=2, channels=2, frequency=48000, lengthbytes=15136, lengthpcm=60967, pcmblocksize=0, loopstart=0, loopend=0, mode=0x00000000, channelmask=0x00000000, channelorder=0, peakvolume=0.376546.
[LOG] SystemI::createSoundInternal             : Create name='', mode=0x02000202
[LOG] SystemI::createSoundInternal             : exinfo->cbsize             = 224
[LOG] SystemI::createSoundInternal             : exinfo->length             = 2545472
[LOG] SystemI::createSoundInternal             : exinfo->fileoffset         = 28704
[LOG] SystemI::createSoundInternal             : exinfo->numsubsounds       = 1
[LOG] SystemI::createSoundInternal             : exinfo->inclusionlist      = 0000006F9E55EEFC
[LOG] SystemI::createSoundInternal             : exinfo->inclusionlistnum   = 1
[LOG] SystemI::createSoundInternal             : exinfo->suggestedsoundtype = 5
[LOG] SystemI::createSoundInternal             : exinfo->useropen           = 00007FFCE91A8630
[LOG] SystemI::createSoundInternal             : exinfo->userclose          = 00007FFCE91A8600
[LOG] SystemI::createSoundInternal             : exinfo->userread           = 00007FFCE91A8700
[LOG] SystemI::createSoundInternal             : exinfo->userseek           = 00007FFCE91A87C0
[LOG] SystemI::createSoundInternal             : exinfo->fileuserdata       = 0000020EA7AA3928
[LOG] SystemI::createSoundInternal             : exinfo->initialseekpostype = 1
[LOG] SystemI::DSPCodecPoolRegister            : register codec pool for pool type 5
[LOG] SystemI::createSoundInternal             : Sample 0/1: name='SFX_Dash_Slow-004', format=2, channels=2, frequency=48000, lengthbytes=19360, lengthpcm=79506, pcmblocksize=0, loopstart=0, loopend=0, mode=0x00000000, channelmask=0x00000000, channelorder=0, peakvolume=0.626767.
[LOG] SystemI::createSoundInternal             : Create name='', mode=0x02000202
[LOG] SystemI::createSoundInternal             : exinfo->cbsize             = 224
[LOG] SystemI::createSoundInternal             : exinfo->length             = 2545472
[LOG] SystemI::createSoundInternal             : exinfo->fileoffset         = 28704
[LOG] SystemI::createSoundInternal             : exinfo->numsubsounds       = 1
[LOG] SystemI::createSoundInternal             : exinfo->inclusionlist      = 0000006F9E55EEFC
[LOG] SystemI::createSoundInternal             : exinfo->inclusionlistnum   = 1
[LOG] SystemI::createSoundInternal             : exinfo->suggestedsoundtype = 5
[LOG] SystemI::createSoundInternal             : exinfo->useropen           = 00007FFCE91A8630
[LOG] SystemI::createSoundInternal             : exinfo->userclose          = 00007FFCE91A8600
[LOG] SystemI::createSoundInternal             : exinfo->userread           = 00007FFCE91A8700
[LOG] SystemI::createSoundInternal             : exinfo->userseek           = 00007FFCE91A87C0
[LOG] SystemI::createSoundInternal             : exinfo->fileuserdata       = 0000020EA7AA3928
[LOG] SystemI::createSoundInternal             : exinfo->initialseekpostype = 1
[LOG] SystemI::DSPCodecPoolRegister            : register codec pool for pool type 5
[LOG] SystemI::createSoundInternal             : Sample 0/1: name='SFX_Dash_Slow-003', format=2, channels=2, frequency=48000, lengthbytes=15008, lengthpcm=60952, pcmblocksize=0, loopstart=0, loopend=0, mode=0x00000000, channelmask=0x00000000, channelorder=0, peakvolume=0.505341.
[LOG] SystemI::createSoundInternal             : Create name='', mode=0x02000202
[LOG] SystemI::createSoundInternal             : exinfo->cbsize             = 224
[LOG] SystemI::createSoundInternal             : exinfo->length             = 2545472
[LOG] SystemI::createSoundInternal             : exinfo->fileoffset         = 28704
[LOG] SystemI::createSoundInternal             : exinfo->numsubsounds       = 1
[LOG] SystemI::createSoundInternal             : exinfo->inclusionlist      = 0000006F9E55EEFC
[LOG] SystemI::createSoundInternal             : exinfo->inclusionlistnum   = 1
[LOG] SystemI::createSoundInternal             : exinfo->suggestedsoundtype = 5
[LOG] SystemI::createSoundInternal             : exinfo->useropen           = 00007FFCE91A8630
[LOG] SystemI::createSoundInternal             : exinfo->userclose          = 00007FFCE91A8600
[LOG] SystemI::createSoundInternal             : exinfo->userread           = 00007FFCE91A8700
[LOG] SystemI::createSoundInternal             : exinfo->userseek           = 00007FFCE91A87C0
[LOG] SystemI::createSoundInternal             : exinfo->fileuserdata       = 0000020EA7AA3928
[LOG] SystemI::createSoundInternal             : exinfo->initialseekpostype = 1
[LOG] SystemI::DSPCodecPoolRegister            : register codec pool for pool type 5
[LOG] SystemI::createSoundInternal             : Sample 0/1: name='SFX_Dash_Slow-002', format=2, channels=2, frequency=48000, lengthbytes=15264, lengthpcm=62752, pcmblocksize=0, loopstart=0, loopend=0, mode=0x00000000, channelmask=0x00000000, channelorder=0, peakvolume=0.670719.
[LOG] SystemI::createSoundInternal             : Create name='', mode=0x02000202
[LOG] SystemI::createSoundInternal             : exinfo->cbsize             = 224
[LOG] SystemI::createSoundInternal             : exinfo->length             = 2545472
[LOG] SystemI::createSoundInternal             : exinfo->fileoffset         = 28704
[LOG] SystemI::createSoundInternal             : exinfo->numsubsounds       = 1
[LOG] SystemI::createSoundInternal             : exinfo->inclusionlist      = 0000006F9E55EEFC
[LOG] SystemI::createSoundInternal             : exinfo->inclusionlistnum   = 1
[LOG] SystemI::createSoundInternal             : exinfo->suggestedsoundtype = 5
[LOG] SystemI::createSoundInternal             : exinfo->useropen           = 00007FFCE91A8630
[LOG] SystemI::createSoundInternal             : exinfo->userclose          = 00007FFCE91A8600
[LOG] SystemI::createSoundInternal             : exinfo->userread           = 00007FFCE91A8700
[LOG] SystemI::createSoundInternal             : exinfo->userseek           = 00007FFCE91A87C0
[LOG] SystemI::createSoundInternal             : exinfo->fileuserdata       = 0000020EA7AA3928
[LOG] SystemI::createSoundInternal             : exinfo->initialseekpostype = 1
[LOG] SystemI::DSPCodecPoolRegister            : register codec pool for pool type 5
[LOG] SystemI::createSoundInternal             : Sample 0/1: name='SFX_Dash_Slow-005', format=2, channels=2, frequency=48000, lengthbytes=15936, lengthpcm=68096, pcmblocksize=0, loopstart=0, loopend=0, mode=0x00000000, channelmask=0x00000000, channelorder=0, peakvolume=0.512555.
[LOG] SystemI::createSoundInternal             : Create name='', mode=0x02000202
[LOG] SystemI::createSoundInternal             : exinfo->cbsize             = 224
[LOG] SystemI::createSoundInternal             : exinfo->length             = 2545472
[LOG] SystemI::createSoundInternal             : exinfo->fileoffset         = 28704
[LOG] SystemI::createSoundInternal             : exinfo->numsubsounds       = 1
[LOG] SystemI::createSoundInternal             : exinfo->inclusionlist      = 0000006F9E55EEFC
[LOG] SystemI::createSoundInternal             : exinfo->inclusionlistnum   = 1
[LOG] SystemI::createSoundInternal             : exinfo->suggestedsoundtype = 5
[LOG] SystemI::createSoundInternal             : exinfo->useropen           = 00007FFCE91A8630
[LOG] SystemI::createSoundInternal             : exinfo->userclose          = 00007FFCE91A8600
[LOG] SystemI::createSoundInternal             : exinfo->userread           = 00007FFCE91A8700
[LOG] SystemI::createSoundInternal             : exinfo->userseek           = 00007FFCE91A87C0
[LOG] SystemI::createSoundInternal             : exinfo->fileuserdata       = 0000020EA7AA3928
[LOG] SystemI::createSoundInternal             : exinfo->initialseekpostype = 1
[LOG] SystemI::DSPCodecPoolRegister            : register codec pool for pool type 5
[LOG] SystemI::createSoundInternal             : Sample 0/1: name='SFX_Dash_Slow-001', format=2, channels=2, frequency=48000, lengthbytes=12768, lengthpcm=53855, pcmblocksize=0, loopstart=0, loopend=0, mode=0x00000000, channelmask=0x00000000, channelorder=0, peakvolume=0.406720.
[LOG] SoundI::release                          :  (0000020F0B9AE078)
[LOG] SoundI::release                          :     SFX_Dash_Slow-001 (0000020EAC151E08)
[LOG] SoundI::release                          :  (0000020F0B9AE358)
[LOG] SoundI::release                          :     SFX_Dash_Slow-002 (0000020EA4F9A9F8)
[LOG] SoundI::release                          :  (0000020F0B9AED68)
[LOG] SoundI::release                          :     SFX_Dash_Slow-003 (0000020EA4F9A858)
[LOG] SoundI::release                          :  (0000020F0B9AFEA8)
[LOG] SoundI::release                          :     SFX_Dash_Slow-004 (0000020EA4F99E98)
[LOG] SoundI::release                          :  (0000020F0B9AE638)
[LOG] SoundI::release                          :     SFX_Dash_Slow-005 (0000020EA4F98E58)
[LOG] SoundI::release                          :  (0000020F0B9AE1E8)
[LOG] SoundI::release                          :     SFX_Dash_Slow-006 (0000020EACA09EF8)
[LOG] SoundI::release                          :  (0000020F0B9ADF08)
[LOG] SoundI::release                          :     SFX_Dash_Slow-007 (0000020EACA09D58)
[LOG] Manager::readBank                        : fileversion = 125, compatVersion = 119 (oldest = 44, newest = 125)
[LOG] PlaybackSystem::acquireMasterBus         : Setting master channel group format to 3
[LOG] SystemI::createSoundInternal             : Create name='', mode=0x02000202
[LOG] SystemI::createSoundInternal             : exinfo->cbsize             = 224
[LOG] SystemI::createSoundInternal             : exinfo->length             = 2545472
[LOG] SystemI::createSoundInternal             : exinfo->fileoffset         = 28704
[LOG] SystemI::createSoundInternal             : exinfo->numsubsounds       = 1
[LOG] SystemI::createSoundInternal             : exinfo->inclusionlist      = 0000006F9E55EEFC
[LOG] SystemI::createSoundInternal             : exinfo->inclusionlistnum   = 1
[LOG] SystemI::createSoundInternal             : exinfo->suggestedsoundtype = 5
[LOG] SystemI::createSoundInternal             : exinfo->useropen           = 00007FFCE91A8630
[LOG] SystemI::createSoundInternal             : exinfo->userclose          = 00007FFCE91A8600
[LOG] SystemI::createSoundInternal             : exinfo->userread           = 00007FFCE91A8700
[LOG] SystemI::createSoundInternal             : exinfo->userseek           = 00007FFCE91A87C0
[LOG] SystemI::createSoundInternal             : exinfo->fileuserdata       = 0000020EA7AA3928
[LOG] SystemI::createSoundInternal             : exinfo->initialseekpostype = 1
[LOG] SystemI::DSPCodecPoolRegister            : register codec pool for pool type 5
[LOG] SystemI::createSoundInternal             : Sample 0/1: name='SFX_Dash_Fast-001', format=2, channels=2, frequency=48000, lengthbytes=27872, lengthpcm=107917, pcmblocksize=0, loopstart=0, loopend=0, mode=0x00000000, channelmask=0x00000000, channelorder=0, peakvolume=0.574568.
[LOG] SystemI::createSoundInternal             : Create name='', mode=0x02000202
[LOG] SystemI::createSoundInternal             : exinfo->cbsize             = 224
[LOG] SystemI::createSoundInternal             : exinfo->length             = 2545472
[LOG] SystemI::createSoundInternal             : exinfo->fileoffset         = 28704
[LOG] SystemI::createSoundInternal             : exinfo->numsubsounds       = 1
[LOG] SystemI::createSoundInternal             : exinfo->inclusionlist      = 0000006F9E55EEFC
[LOG] SystemI::createSoundInternal             : exinfo->inclusionlistnum   = 1
[LOG] SystemI::createSoundInternal             : exinfo->suggestedsoundtype = 5
[LOG] SystemI::createSoundInternal             : exinfo->useropen           = 00007FFCE91A8630
[LOG] SystemI::createSoundInternal             : exinfo->userclose          = 00007FFCE91A8600
[LOG] SystemI::createSoundInternal             : exinfo->userread           = 00007FFCE91A8700
[LOG] SystemI::createSoundInternal             : exinfo->userseek           = 00007FFCE91A87C0
[LOG] SystemI::createSoundInternal             : exinfo->fileuserdata       = 0000020EA7AA3928
[LOG] SystemI::createSoundInternal             : exinfo->initialseekpostype = 1
[LOG] SystemI::DSPCodecPoolRegister            : register codec pool for pool type 5
[LOG] SystemI::createSoundInternal             : Sample 0/1: name='SFX_Dash_Fast-003', format=2, channels=2, frequency=48000, lengthbytes=27456, lengthpcm=110435, pcmblocksize=0, loopstart=0, loopend=0, mode=0x00000000, channelmask=0x00000000, channelorder=0, peakvolume=0.579680.
[LOG] SystemI::createSoundInternal             : Create name='', mode=0x02000202
[LOG] SystemI::createSoundInternal             : exinfo->cbsize             = 224
[LOG] SystemI::createSoundInternal             : exinfo->length             = 2545472
[LOG] SystemI::createSoundInternal             : exinfo->fileoffset         = 28704
[LOG] SystemI::createSoundInternal             : exinfo->numsubsounds       = 1
[LOG] SystemI::createSoundInternal             : exinfo->inclusionlist      = 0000006F9E55EEFC
[LOG] SystemI::createSoundInternal             : exinfo->inclusionlistnum   = 1
[LOG] SystemI::createSoundInternal             : exinfo->suggestedsoundtype = 5
[LOG] SystemI::createSoundInternal             : exinfo->useropen           = 00007FFCE91A8630
[LOG] SystemI::createSoundInternal             : exinfo->userclose          = 00007FFCE91A8600
[LOG] SystemI::createSoundInternal             : exinfo->userread           = 00007FFCE91A8700
[LOG] SystemI::createSoundInternal             : exinfo->userseek           = 00007FFCE91A87C0
[LOG] SystemI::createSoundInternal             : exinfo->fileuserdata       = 0000020EA7AA3928
[LOG] SystemI::createSoundInternal             : exinfo->initialseekpostype = 1
[LOG] SystemI::DSPCodecPoolRegister            : register codec pool for pool type 5
[LOG] SystemI::createSoundInternal             : Sample 0/1: name='SFX_Dash_Fast-004', format=2, channels=2, frequency=48000, lengthbytes=29472, lengthpcm=117864, pcmblocksize=0, loopstart=0, loopend=0, mode=0x00000000, channelmask=0x00000000, channelorder=0, peakvolume=0.423296.
[LOG] SystemI::createSoundInternal             : Create name='', mode=0x02000202
[LOG] SystemI::createSoundInternal             : exinfo->cbsize             = 224
[LOG] SystemI::createSoundInternal             : exinfo->length             = 2545472
[LOG] SystemI::createSoundInternal             : exinfo->fileoffset         = 28704
[LOG] SystemI::createSoundInternal             : exinfo->numsubsounds       = 1
[LOG] SystemI::createSoundInternal             : exinfo->inclusionlist      = 0000006F9E55EEFC
[LOG] SystemI::createSoundInternal             : exinfo->inclusionlistnum   = 1
[LOG] SystemI::createSoundInternal             : exinfo->suggestedsoundtype = 5
[LOG] SystemI::createSoundInternal             : exinfo->useropen           = 00007FFCE91A8630
[LOG] SystemI::createSoundInternal             : exinfo->userclose          = 00007FFCE91A8600
[LOG] SystemI::createSoundInternal             : exinfo->userread           = 00007FFCE91A8700
[LOG] SystemI::createSoundInternal             : exinfo->userseek           = 00007FFCE91A87C0
[LOG] SystemI::createSoundInternal             : exinfo->fileuserdata       = 0000020EA7AA3928
[LOG] SystemI::createSoundInternal             : exinfo->initialseekpostype = 1
[LOG] SystemI::DSPCodecPoolRegister            : register codec pool for pool type 5
[LOG] SystemI::createSoundInternal             : Sample 0/1: name='SFX_Dash_Fast-002', format=2, channels=2, frequency=48000, lengthbytes=32320, lengthpcm=126977, pcmblocksize=0, loopstart=0, loopend=0, mode=0x00000000, channelmask=0x00000000, channelorder=0, peakvolume=0.411143.
[LOG] SystemI::createSoundInternal             : Create name='', mode=0x02000202
[LOG] SystemI::createSoundInternal             : exinfo->cbsize             = 224
[LOG] SystemI::createSoundInternal             : exinfo->length             = 2545472
[LOG] SystemI::createSoundInternal             : exinfo->fileoffset         = 28704
[LOG] SystemI::createSoundInternal             : exinfo->numsubsounds       = 1
[LOG] SystemI::createSoundInternal             : exinfo->inclusionlist      = 0000006F9E55EEFC
[LOG] SystemI::createSoundInternal             : exinfo->inclusionlistnum   = 1
[LOG] SystemI::createSoundInternal             : exinfo->suggestedsoundtype = 5
[LOG] SystemI::createSoundInternal             : exinfo->useropen           = 00007FFCE91A8630
[LOG] SystemI::createSoundInternal             : exinfo->userclose          = 00007FFCE91A8600
[LOG] SystemI::createSoundInternal             : exinfo->userread           = 00007FFCE91A8700
[LOG] SystemI::createSoundInternal             : exinfo->userseek           = 00007FFCE91A87C0
[LOG] SystemI::createSoundInternal             : exinfo->fileuserdata       = 0000020EA7AA3928
[LOG] SystemI::createSoundInternal             : exinfo->initialseekpostype = 1
[LOG] SystemI::DSPCodecPoolRegister            : register codec pool for pool type 5
[LOG] SystemI::createSoundInternal             : Sample 0/1: name='SFX_Dash_Fast-005', format=2, channels=2, frequency=48000, lengthbytes=27456, lengthpcm=111722, pcmblocksize=0, loopstart=0, loopend=0, mode=0x00000000, channelmask=0x00000000, channelorder=0, peakvolume=0.533366.
[LOG] SoundI::release                          :  (0000020F0B9AE918)
[LOG] SoundI::release                          :     SFX_Dash_Fast-001 (0000020EAC151E08)
[LOG] SoundI::release                          :  (0000020F0B9AFEA8)
[LOG] SoundI::release                          :     SFX_Dash_Fast-002 (0000020EA4F9A9F8)
[LOG] SoundI::release                          :  (0000020F0B9ADF08)
[LOG] SoundI::release                          :     SFX_Dash_Fast-003 (0000020EAC152E48)
[LOG] SoundI::release                          :  (0000020F0B9B0A28)
[LOG] SoundI::release                          :     SFX_Dash_Fast-004 (0000020EA4F9A858)
[LOG] SoundI::release                          :  (0000020F0B9B05D8)
[LOG] SoundI::release                          :     SFX_Dash_Fast-005 (0000020EA4F99E98)
[LOG] Manager::readBank                        : fileversion = 125, compatVersion = 119 (oldest = 44, newest = 125)
[LOG] PlaybackSystem::acquireMasterBus         : Setting master channel group format to 3
[LOG] SystemI::createSoundInternal             : Create name='', mode=0x02000202
[LOG] SystemI::createSoundInternal             : exinfo->cbsize             = 224
[LOG] SystemI::createSoundInternal             : exinfo->length             = 2545472
[LOG] SystemI::createSoundInternal             : exinfo->fileoffset         = 28704
[LOG] SystemI::createSoundInternal             : exinfo->numsubsounds       = 1
[LOG] SystemI::createSoundInternal             : exinfo->inclusionlist      = 0000006F9E55EEFC
[LOG] SystemI::createSoundInternal             : exinfo->inclusionlistnum   = 1
[LOG] SystemI::createSoundInternal             : exinfo->suggestedsoundtype = 5
[LOG] SystemI::createSoundInternal             : exinfo->useropen           = 00007FFCE91A8630
[LOG] SystemI::createSoundInternal             : exinfo->userclose          = 00007FFCE91A8600
[LOG] SystemI::createSoundInternal             : exinfo->userread           = 00007FFCE91A8700
[LOG] SystemI::createSoundInternal             : exinfo->userseek           = 00007FFCE91A87C0
[LOG] SystemI::createSoundInternal             : exinfo->fileuserdata       = 0000020EA7AA3928
[LOG] SystemI::createSoundInternal             : exinfo->initialseekpostype = 1
[LOG] SystemI::DSPCodecPoolRegister            : register codec pool for pool type 5
[LOG] SystemI::createSoundInternal             : Sample 0/1: name='SFX_Dash_Fast-001', format=2, channels=2, frequency=48000, lengthbytes=27872, lengthpcm=107917, pcmblocksize=0, loopstart=0, loopend=0, mode=0x00000000, channelmask=0x00000000, channelorder=0, peakvolume=0.574568.
[LOG] SystemI::createSoundInternal             : Create name='', mode=0x02000202
[LOG] SystemI::createSoundInternal             : exinfo->cbsize             = 224
[LOG] SystemI::createSoundInternal             : exinfo->length             = 2545472
[LOG] SystemI::createSoundInternal             : exinfo->fileoffset         = 28704
[LOG] SystemI::createSoundInternal             : exinfo->numsubsounds       = 1
[LOG] SystemI::createSoundInternal             : exinfo->inclusionlist      = 0000006F9E55EEFC
[LOG] SystemI::createSoundInternal             : exinfo->inclusionlistnum   = 1
[LOG] SystemI::createSoundInternal             : exinfo->suggestedsoundtype = 5
[LOG] SystemI::createSoundInternal             : exinfo->useropen           = 00007FFCE91A8630
[LOG] SystemI::createSoundInternal             : exinfo->userclose          = 00007FFCE91A8600
[LOG] SystemI::createSoundInternal             : exinfo->userread           = 00007FFCE91A8700
[LOG] SystemI::createSoundInternal             : exinfo->userseek           = 00007FFCE91A87C0
[LOG] SystemI::createSoundInternal             : exinfo->fileuserdata       = 0000020EA7AA3928
[LOG] SystemI::createSoundInternal             : exinfo->initialseekpostype = 1
[LOG] SystemI::DSPCodecPoolRegister            : register codec pool for pool type 5
[LOG] SystemI::createSoundInternal             : Sample 0/1: name='SFX_Dash_Fast-003', format=2, channels=2, frequency=48000, lengthbytes=27456, lengthpcm=110435, pcmblocksize=0, loopstart=0, loopend=0, mode=0x00000000, channelmask=0x00000000, channelorder=0, peakvolume=0.579680.
[LOG] SystemI::createSoundInternal             : Create name='', mode=0x02000202
[LOG] SystemI::createSoundInternal             : exinfo->cbsize             = 224
[LOG] SystemI::createSoundInternal             : exinfo->length             = 2545472
[LOG] SystemI::createSoundInternal             : exinfo->fileoffset         = 28704
[LOG] SystemI::createSoundInternal             : exinfo->numsubsounds       = 1
[LOG] SystemI::createSoundInternal             : exinfo->inclusionlist      = 0000006F9E55EEFC
[LOG] SystemI::createSoundInternal             : exinfo->inclusionlistnum   = 1
[LOG] SystemI::createSoundInternal             : exinfo->suggestedsoundtype = 5
[LOG] SystemI::createSoundInternal             : exinfo->useropen           = 00007FFCE91A8630
[LOG] SystemI::createSoundInternal             : exinfo->userclose          = 00007FFCE91A8600
[LOG] SystemI::createSoundInternal             : exinfo->userread           = 00007FFCE91A8700
[LOG] SystemI::createSoundInternal             : exinfo->userseek           = 00007FFCE91A87C0
[LOG] SystemI::createSoundInternal             : exinfo->fileuserdata       = 0000020EA7AA3928
[LOG] SystemI::createSoundInternal             : exinfo->initialseekpostype = 1
[LOG] SystemI::DSPCodecPoolRegister            : register codec pool for pool type 5
[LOG] SystemI::createSoundInternal             : Sample 0/1: name='SFX_Dash_Fast-004', format=2, channels=2, frequency=48000, lengthbytes=29472, lengthpcm=117864, pcmblocksize=0, loopstart=0, loopend=0, mode=0x00000000, channelmask=0x00000000, channelorder=0, peakvolume=0.423296.
[LOG] SystemI::createSoundInternal             : Create name='', mode=0x02000202
[LOG] SystemI::createSoundInternal             : exinfo->cbsize             = 224
[LOG] SystemI::createSoundInternal             : exinfo->length             = 2545472
[LOG] SystemI::createSoundInternal             : exinfo->fileoffset         = 28704
[LOG] SystemI::createSoundInternal             : exinfo->numsubsounds       = 1
[LOG] SystemI::createSoundInternal             : exinfo->inclusionlist      = 0000006F9E55EEFC
[LOG] SystemI::createSoundInternal             : exinfo->inclusionlistnum   = 1
[LOG] SystemI::createSoundInternal             : exinfo->suggestedsoundtype = 5
[LOG] SystemI::createSoundInternal             : exinfo->useropen           = 00007FFCE91A8630
[LOG] SystemI::createSoundInternal             : exinfo->userclose          = 00007FFCE91A8600
[LOG] SystemI::createSoundInternal             : exinfo->userread           = 00007FFCE91A8700
[LOG] SystemI::createSoundInternal             : exinfo->userseek           = 00007FFCE91A87C0
[LOG] SystemI::createSoundInternal             : exinfo->fileuserdata       = 0000020EA7AA3928
[LOG] SystemI::createSoundInternal             : exinfo->initialseekpostype = 1
[LOG] SystemI::DSPCodecPoolRegister            : register codec pool for pool type 5
[LOG] SystemI::createSoundInternal             : Sample 0/1: name='SFX_Dash_Fast-002', format=2, channels=2, frequency=48000, lengthbytes=32320, lengthpcm=126977, pcmblocksize=0, loopstart=0, loopend=0, mode=0x00000000, channelmask=0x00000000, channelorder=0, peakvolume=0.411143.
[LOG] SystemI::createSoundInternal             : Create name='', mode=0x02000202
[LOG] SystemI::createSoundInternal             : exinfo->cbsize             = 224
[LOG] SystemI::createSoundInternal             : exinfo->length             = 2545472
[LOG] SystemI::createSoundInternal             : exinfo->fileoffset         = 28704
[LOG] SystemI::createSoundInternal             : exinfo->numsubsounds       = 1
[LOG] SystemI::createSoundInternal             : exinfo->inclusionlist      = 0000006F9E55EEFC
[LOG] SystemI::createSoundInternal             : exinfo->inclusionlistnum   = 1
[LOG] SystemI::createSoundInternal             : exinfo->suggestedsoundtype = 5
[LOG] SystemI::createSoundInternal             : exinfo->useropen           = 00007FFCE91A8630
[LOG] SystemI::createSoundInternal             : exinfo->userclose          = 00007FFCE91A8600
[LOG] SystemI::createSoundInternal             : exinfo->userread           = 00007FFCE91A8700
[LOG] SystemI::createSoundInternal             : exinfo->userseek           = 00007FFCE91A87C0
[LOG] SystemI::createSoundInternal             : exinfo->fileuserdata       = 0000020EA7AA3928
[LOG] SystemI::createSoundInternal             : exinfo->initialseekpostype = 1
[LOG] SystemI::DSPCodecPoolRegister            : register codec pool for pool type 5
[LOG] SystemI::createSoundInternal             : Sample 0/1: name='SFX_Dash_Fast-005', format=2, channels=2, frequency=48000, lengthbytes=27456, lengthpcm=111722, pcmblocksize=0, loopstart=0, loopend=0, mode=0x00000000, channelmask=0x00000000, channelorder=0, peakvolume=0.533366.
[LOG] SoundI::release                          :  (0000020F0B9B0A28)
[LOG] SoundI::release                          :     SFX_Dash_Fast-001 (0000020EA4F99E98)
[LOG] SoundI::release                          :  (0000020F0B9AF498)
[LOG] SoundI::release                          :     SFX_Dash_Fast-002 (0000020EA4F9A9F8)
[LOG] SoundI::release                          :  (0000020F0B9B08B8)
[LOG] SoundI::release                          :     SFX_Dash_Fast-003 (0000020EA4F9A858)
[LOG] SoundI::release                          :  (0000020F0B9AF778)
[LOG] SoundI::release                          :     SFX_Dash_Fast-004 (0000020EA4F98E58)
[LOG] SoundI::release                          :  (0000020F0B9B0D08)
[LOG] SoundI::release                          :     SFX_Dash_Fast-005 (0000020EAC151E08)
[LOG] Thread::callback                         : FMOD Studio bank load thread finished.
[LOG] Thread::callback                         : FMOD Studio sample load thread finished.
[LOG] LiveUpdate::release                      : 
[LOG] LiveUpdate::reset                        : Reset connection (reason Disconnected)
[LOG] Thread::callback                         : FMOD stream thread finished.
[LOG] Thread::callback                         : FMOD mixer thread finished.
[LOG] SystemI::close                           : Closed.
